Java HotSpot(TM) 64-Bit Server VM (25.161-b12) for windows-amd64 JRE (1.8.0_161-b12), built on Dec 19 2017 17:52:25 by "java_re" with MS VC++ 10.0 (VS2010)
Memory: 4k page, physical 8089996k(4581916k free), swap 16178132k(12065804k free)
CommandLine flags: -XX:InitialHeapSize=129439936 -XX:MaxHeapSize=536870912 -XX:+PrintGC -XX:+PrintGCDateStamps -XX:+PrintGCDetails -XX:+PrintGCTimeStamps -XX:+UseCompressedClassPointers -XX:+UseCompressedOops -XX:-UseLargePagesIndividualAllocation -XX:+UseSerialGC 
2020-10-23T14:54:27.945+0800: 0.335: [GC (Allocation Failure) 2020-10-23T14:54:27.945+0800: 0.335: [DefNew: 33849K->4223K(38080K), 0.0154509 secs] 33849K->14123K(122752K), 0.0157393 secs] [Times: user=0.03 sys=0.00, real=0.02 secs] 
2020-10-23T14:54:27.991+0800: 0.380: [GC (Allocation Failure) 2020-10-23T14:54:27.991+0800: 0.380: [DefNew: 37812K->4219K(38080K), 0.0154073 secs] 47712K->25658K(122752K), 0.0155628 secs] [Times: user=0.03 sys=0.00, real=0.02 secs] 
2020-10-23T14:54:28.024+0800: 0.414: [GC (Allocation Failure) 2020-10-23T14:54:28.024+0800: 0.414: [DefNew: 38075K->4212K(38080K), 0.0144677 secs] 59514K->38536K(122752K), 0.0146534 secs] [Times: user=0.01 sys=0.02, real=0.02 secs] 
2020-10-23T14:54:28.059+0800: 0.449: [GC (Allocation Failure) 2020-10-23T14:54:28.059+0800: 0.449: [DefNew: 37878K->4223K(38080K), 0.0092470 secs] 72201K->47680K(122752K), 0.0093964 secs] [Times: user=0.00 sys=0.01, real=0.01 secs] 
2020-10-23T14:54:28.083+0800: 0.473: [GC (Allocation Failure) 2020-10-23T14:54:28.083+0800: 0.473: [DefNew: 38045K->4222K(38080K), 0.0111084 secs] 81502K->58600K(122752K), 0.0249705 secs] [Times: user=0.00 sys=0.02, real=0.03 secs] 
2020-10-23T14:54:28.122+0800: 0.512: [GC (Allocation Failure) 2020-10-23T14:54:28.122+0800: 0.512: [DefNew: 37956K->4213K(38080K), 0.0114409 secs] 92335K->70205K(122752K), 0.0115887 secs] [Times: user=0.02 sys=0.00, real=0.01 secs] 
2020-10-23T14:54:28.150+0800: 0.539: [GC (Allocation Failure) 2020-10-23T14:54:28.150+0800: 0.540: [DefNew: 37997K->4197K(38080K), 0.0102698 secs] 103989K->79985K(122752K), 0.0104135 secs] [Times: user=0.02 sys=0.00, real=0.01 secs] 
2020-10-23T14:54:28.174+0800: 0.563: [GC (Allocation Failure) 2020-10-23T14:54:28.174+0800: 0.564: [DefNew: 37973K->4220K(38080K), 0.0122399 secs]2020-10-23T14:54:28.186+0800: 0.576: [Tenured: 87675K->87178K(87804K), 0.0176401 secs] 113761K->91188K(125884K), [Metaspace: 2820K->2820K(1056768K)], 0.0304174 secs] [Times: user=0.03 sys=0.00, real=0.03 secs] 
2020-10-23T14:54:28.234+0800: 0.624: [GC (Allocation Failure) 2020-10-23T14:54:28.234+0800: 0.624: [DefNew: 58240K->7231K(65472K), 0.0223712 secs] 145418K->111577K(210772K), 0.0225231 secs] [Times: user=0.02 sys=0.00, real=0.02 secs] 
2020-10-23T14:54:28.285+0800: 0.675: [GC (Allocation Failure) 2020-10-23T14:54:28.285+0800: 0.675: [DefNew: 65471K->7231K(65472K), 0.0209102 secs] 169817K->129955K(210772K), 0.0210590 secs] [Times: user=0.00 sys=0.02, real=0.02 secs] 
2020-10-23T14:54:28.328+0800: 0.718: [GC (Allocation Failure) 2020-10-23T14:54:28.328+0800: 0.718: [DefNew: 65471K->7231K(65472K), 0.0178269 secs] 188195K->149182K(210772K), 0.0179547 secs] [Times: user=0.01 sys=0.00, real=0.02 secs] 
2020-10-23T14:54:28.374+0800: 0.764: [GC (Allocation Failure) 2020-10-23T14:54:28.374+0800: 0.764: [DefNew: 65252K->7228K(65472K), 0.0213320 secs]2020-10-23T14:54:28.396+0800: 0.785: [Tenured: 164774K->155735K(164888K), 0.0439387 secs] 207204K->155735K(230360K), [Metaspace: 2820K->2820K(1056768K)], 0.0659394 secs] [Times: user=0.06 sys=0.01, real=0.07 secs] 
2020-10-23T14:54:28.499+0800: 0.888: [GC (Allocation Failure) 2020-10-23T14:54:28.499+0800: 0.889: [DefNew: 103936K->12924K(116864K), 0.0242222 secs] 259671K->192545K(376424K), 0.0243469 secs] [Times: user=0.01 sys=0.00, real=0.02 secs] 
2020-10-23T14:54:28.574+0800: 0.964: [GC (Allocation Failure) 2020-10-23T14:54:28.574+0800: 0.964: [DefNew: 116686K->12922K(116864K), 0.0397568 secs] 296306K->228558K(376424K), 0.0398989 secs] [Times: user=0.02 sys=0.02, real=0.04 secs] 
2020-10-23T14:54:28.663+0800: 1.053: [GC (Allocation Failure) 2020-10-23T14:54:28.664+0800: 1.053: [DefNew: 116858K->12927K(116864K), 0.0304959 secs] 332494K->261111K(376424K), 0.0308177 secs] [Times: user=0.00 sys=0.03, real=0.03 secs] 
2020-10-23T14:54:28.757+0800: 1.147: [GC (Allocation Failure) 2020-10-23T14:54:28.757+0800: 1.147: [DefNew: 116813K->12925K(116864K), 0.0342857 secs]2020-10-23T14:54:28.791+0800: 1.181: [Tenured: 279601K->231312K(279664K), 0.0733354 secs] 364997K->231312K(396528K), [Metaspace: 2820K->2820K(1056768K)], 0.1083114 secs] [Times: user=0.11 sys=0.00, real=0.11 secs] 
Heap
 def new generation   total 157248K, used 43704K [0x00000000e0000000, 0x00000000eaaa0000, 0x00000000eaaa0000)
  eden space 139776K,  31% used [0x00000000e0000000, 0x00000000e2aae3a8, 0x00000000e8880000)
  from space 17472K,   0% used [0x00000000e8880000, 0x00000000e8880000, 0x00000000e9990000)
  to   space 17472K,   0% used [0x00000000e9990000, 0x00000000e9990000, 0x00000000eaaa0000)
 tenured generation   total 349568K, used 231312K [0x00000000eaaa0000, 0x0000000100000000, 0x0000000100000000)
   the space 349568K,  66% used [0x00000000eaaa0000, 0x00000000f8c84070, 0x00000000f8c84200, 0x0000000100000000)
 Metaspace       used 2826K, capacity 4486K, committed 4864K, reserved 1056768K
  class space    used 306K, capacity 386K, committed 512K, reserved 1048576K
